<?xml version="1.0" encoding="UTF-8"?>
<!-- Generated by org.testng.reporters.JUnitReportReporter -->
<testsuite hostname="TPTESTLAB-11" name="com.rest.tests.RestAssuredExamples" tests="1" failures="0" timestamp="31 Jul 2018 06:15:02 GMT" time="4.609" errors="0">
  <testcase name="verifyGetMethodDynamicUrl" time="4.609" classname="com.rest.tests.RestAssuredExamples"/>
</testsuite> <!-- com.rest.tests.RestAssuredExamples -->
